# JRE version: OpenJDK Runtime Environment Temurin-21.0.8+9 (21.0.8+9) (build 21.0.8+9-LTS)
# Java VM: OpenJDK 64-Bit Server VM Temurin-21.0.8+9 (21.0.8+9-LTS, mixed mode, sharing, tiered, compressed oops, compressed class ptrs, parallel gc, windows-amd64)
GC Precious Log:
 CardTable entry size: 512
 CPUs: 12 total, 12 available
 Memory: 7579M
 Large Page Support: Disabled
 NUMA Support: Disabled
 Compressed Oops: Enabled (32-bit)
 Alignments: Space 512K, Generation 512K, Heap 2M
 Heap Min Capacity: 100M
 Heap Initial Capacity: 100M
 Heap Max Capacity: 2G
 Pre-touch: Disabled
 Parallel Workers: 10
Heap:
 PSYoungGen      total 18944K, used 14620K [0x00000000d5580000, 0x00000000d6b00000, 0x0000000100000000)
  eden space 17920K, 76% used [0x00000000d5580000,0x00000000d62d0e10,0x00000000d6700000)
  from space 1024K, 98% used [0x00000000d6800000,0x00000000d68fd2e0,0x00000000d6900000)
  to   space 2048K, 0% used [0x00000000d6900000,0x00000000d6900000,0x00000000d6b00000)
 ParOldGen       total 71168K, used 70766K [0x0000000080000000, 0x0000000084580000, 0x00000000d5580000)
  object space 71168K, 99% used [0x0000000080000000,0x000000008451b928,0x0000000084580000)
 Metaspace       used 63196K, committed 64576K, reserved 1114112K
  class space    used 6811K, committed 7424K, reserved 1048576K
GC Heap History (20 events):
Event: 74.542 GC heap before
{Heap before GC invocations=55 (full 3):
 PSYoungGen      total 19456K, used 18655K [0x00000000d5580000, 0x00000000d6a00000, 0x0000000100000000)
  eden space 17920K, 100% used [0x00000000d5580000,0x00000000d6700000,0x00000000d6700000)
  from space 1536K, 47% used [0x00000000d6780000,0x00000000d6837dd0,0x00000000d6900000)
  to   space 1024K, 0% used [0x00000000d6900000,0x00000000d6900000,0x00000000d6a00000)
 ParOldGen       total 68608K, used 63016K [0x0000000080000000, 0x0000000084300000, 0x00000000d5580000)
  object space 68608K, 91% used [0x0000000080000000,0x0000000083d8a1e0,0x0000000084300000)
 Metaspace       used 60296K, committed 61632K, reserved 1114112K
  class space    used 6524K, committed 7104K, reserved 1048576K
}
Event: 74.548 GC heap after
{Heap after GC invocations=55 (full 3):
 PSYoungGen      total 18944K, used 545K [0x00000000d5580000, 0x00000000d6a00000, 0x0000000100000000)
  eden space 17920K, 0% used [0x00000000d5580000,0x00000000d5580000,0x00000000d6700000)
  from space 1024K, 53% used [0x00000000d6900000,0x00000000d6988430,0x00000000d6a00000)
  to   space 1024K, 0% used [0x00000000d6800000,0x00000000d6800000,0x00000000d6900000)
 ParOldGen       total 68608K, used 63613K [0x0000000080000000, 0x0000000084300000, 0x00000000d5580000)
  object space 68608K, 92% used [0x0000000080000000,0x0000000083e1f410,0x0000000084300000)
 Metaspace       used 60296K, committed 61632K, reserved 1114112K
  class space    used 6524K, committed 7104K, reserved 1048576K
}
Event: 76.505 GC heap before
{Heap before GC invocations=56 (full 3):
 PSYoungGen      total 18944K, used 18464K [0x00000000d5580000, 0x00000000d6a00000, 0x0000000100000000)
  eden space 17920K, 99% used [0x00000000d5580000,0x00000000d66fffb8,0x00000000d6700000)
  from space 1024K, 53% used [0x00000000d6900000,0x00000000d6988430,0x00000000d6a00000)
  to   space 1024K, 0% used [0x00000000d6800000,0x00000000d6800000,0x00000000d6900000)
 ParOldGen       total 68608K, used 63613K [0x0000000080000000, 0x0000000084300000, 0x00000000d5580000)
  object space 68608K, 92% used [0x0000000080000000,0x0000000083e1f410,0x0000000084300000)
 Metaspace       used 60620K, committed 61952K, reserved 1114112K
  class space    used 6553K, committed 7168K, reserved 1048576K
}
Event: 76.516 GC heap after
{Heap after GC invocations=56 (full 3):
 PSYoungGen      total 18944K, used 1024K [0x00000000d5580000, 0x00000000d7000000, 0x0000000100000000)
  eden space 17920K, 0% used [0x00000000d5580000,0x00000000d5580000,0x00000000d6700000)
  from space 1024K, 100% used [0x00000000d6800000,0x00000000d6900000,0x00000000d6900000)
  to   space 4608K, 0% used [0x00000000d6b80000,0x00000000d6b80000,0x00000000d7000000)
 ParOldGen       total 68608K, used 66294K [0x0000000080000000, 0x0000000084300000, 0x00000000d5580000)
  object space 68608K, 96% used [0x0000000080000000,0x00000000840bd8e8,0x0000000084300000)
 Metaspace       used 60620K, committed 61952K, reserved 1114112K
  class space    used 6553K, committed 7168K, reserved 1048576K
}
Event: 77.172 GC heap before
{Heap before GC invocations=57 (full 3):
 PSYoungGen      total 18944K, used 18944K [0x00000000d5580000, 0x00000000d7000000, 0x0000000100000000)
  eden space 17920K, 100% used [0x00000000d5580000,0x00000000d6700000,0x00000000d6700000)
  from space 1024K, 100% used [0x00000000d6800000,0x00000000d6900000,0x00000000d6900000)
  to   space 4608K, 0% used [0x00000000d6b80000,0x00000000d6b80000,0x00000000d7000000)
 ParOldGen       total 68608K, used 66294K [0x0000000080000000, 0x0000000084300000, 0x00000000d5580000)
  object space 68608K, 96% used [0x0000000080000000,0x00000000840bd8e8,0x0000000084300000)
 Metaspace       used 60625K, committed 61952K, reserved 1114112K
  class space    used 6553K, committed 7168K, reserved 1048576K
}
Event: 77.176 GC heap after
{Heap after GC invocations=57 (full 3):
 PSYoungGen      total 18944K, used 599K [0x00000000d5580000, 0x00000000d6c80000, 0x0000000100000000)
  eden space 17920K, 0% used [0x00000000d5580000,0x00000000d5580000,0x00000000d6700000)
  from space 1024K, 58% used [0x00000000d6b80000,0x00000000d6c15c18,0x00000000d6c80000)
  to   space 2048K, 0% used [0x00000000d6880000,0x00000000d6880000,0x00000000d6a80000)
 ParOldGen       total 68608K, used 67364K [0x0000000080000000, 0x0000000084300000, 0x00000000d5580000)
  object space 68608K, 98% used [0x0000000080000000,0x00000000841c9118,0x0000000084300000)
 Metaspace       used 60625K, committed 61952K, reserved 1114112K
  class space    used 6553K, committed 7168K, reserved 1048576K
}
Event: 77.768 GC heap before
{Heap before GC invocations=58 (full 3):
 PSYoungGen      total 18944K, used 18519K [0x00000000d5580000, 0x00000000d6c80000, 0x0000000100000000)
  eden space 17920K, 100% used [0x00000000d5580000,0x00000000d6700000,0x00000000d6700000)
  from space 1024K, 58% used [0x00000000d6b80000,0x00000000d6c15c18,0x00000000d6c80000)
  to   space 2048K, 0% used [0x00000000d6880000,0x00000000d6880000,0x00000000d6a80000)
 ParOldGen       total 68608K, used 67364K [0x0000000080000000, 0x0000000084300000, 0x00000000d5580000)
  object space 68608K, 98% used [0x0000000080000000,0x00000000841c9118,0x0000000084300000)
 Metaspace       used 60629K, committed 61952K, reserved 1114112K
  class space    used 6554K, committed 7168K, reserved 1048576K
}
Event: 77.772 GC heap after
{Heap after GC invocations=58 (full 3):
 PSYoungGen      total 19456K, used 1379K [0x00000000d5580000, 0x00000000d6c00000, 0x0000000100000000)
  eden space 17920K, 0% used [0x00000000d5580000,0x00000000d5580000,0x00000000d6700000)
  from space 1536K, 89% used [0x00000000d6880000,0x00000000d69d8e88,0x00000000d6a00000)
  to   space 2048K, 0% used [0x00000000d6a00000,0x00000000d6a00000,0x00000000d6c00000)
 ParOldGen       total 68608K, used 67851K [0x0000000080000000, 0x0000000084300000, 0x00000000d5580000)
  object space 68608K, 98% used [0x0000000080000000,0x0000000084242d30,0x0000000084300000)
 Metaspace       used 60629K, committed 61952K, reserved 1114112K
  class space    used 6554K, committed 7168K, reserved 1048576K
}
Event: 78.857 GC heap before
{Heap before GC invocations=59 (full 3):
 PSYoungGen      total 19456K, used 19299K [0x00000000d5580000, 0x00000000d6c00000, 0x0000000100000000)
  eden space 17920K, 100% used [0x00000000d5580000,0x00000000d6700000,0x00000000d6700000)
  from space 1536K, 89% used [0x00000000d6880000,0x00000000d69d8e88,0x00000000d6a00000)
  to   space 2048K, 0% used [0x00000000d6a00000,0x00000000d6a00000,0x00000000d6c00000)
 ParOldGen       total 68608K, used 67851K [0x0000000080000000, 0x0000000084300000, 0x00000000d5580000)
  object space 68608K, 98% used [0x0000000080000000,0x0000000084242d30,0x0000000084300000)
 Metaspace       used 60633K, committed 61952K, reserved 1114112K
  class space    used 6554K, committed 7168K, reserved 1048576K
}
Event: 78.861 GC heap after
{Heap after GC invocations=59 (full 3):
 PSYoungGen      total 18432K, used 453K [0x00000000d5580000, 0x00000000d6a80000, 0x0000000100000000)
  eden space 17920K, 0% used [0x00000000d5580000,0x00000000d5580000,0x00000000d6700000)
  from space 512K, 88% used [0x00000000d6a00000,0x00000000d6a71758,0x00000000d6a80000)
  to   space 1024K, 0% used [0x00000000d6880000,0x00000000d6880000,0x00000000d6980000)
 ParOldGen       total 69632K, used 69072K [0x0000000080000000, 0x0000000084400000, 0x00000000d5580000)
  object space 69632K, 99% used [0x0000000080000000,0x00000000843741a8,0x0000000084400000)
 Metaspace       used 60633K, committed 61952K, reserved 1114112K
  class space    used 6554K, committed 7168K, reserved 1048576K
}
Event: 79.430 GC heap before
{Heap before GC invocations=60 (full 3):
 PSYoungGen      total 18432K, used 18373K [0x00000000d5580000, 0x00000000d6a80000, 0x0000000100000000)
  eden space 17920K, 100% used [0x00000000d5580000,0x00000000d6700000,0x00000000d6700000)
  from space 512K, 88% used [0x00000000d6a00000,0x00000000d6a71758,0x00000000d6a80000)
  to   space 1024K, 0% used [0x00000000d6880000,0x00000000d6880000,0x00000000d6980000)
 ParOldGen       total 69632K, used 69072K [0x0000000080000000, 0x0000000084400000, 0x00000000d5580000)
  object space 69632K, 99% used [0x0000000080000000,0x00000000843741a8,0x0000000084400000)
 Metaspace       used 60648K, committed 61952K, reserved 1114112K
  class space    used 6554K, committed 7168K, reserved 1048576K
}
Event: 79.432 GC heap after
{Heap after GC invocations=60 (full 3):
 PSYoungGen      total 18944K, used 673K [0x00000000d5580000, 0x00000000d6a80000, 0x0000000100000000)
  eden space 17920K, 0% used [0x00000000d5580000,0x00000000d5580000,0x00000000d6700000)
  from space 1024K, 65% used [0x00000000d6880000,0x00000000d6928690,0x00000000d6980000)
  to   space 1024K, 0% used [0x00000000d6980000,0x00000000d6980000,0x00000000d6a80000)
 ParOldGen       total 69632K, used 69299K [0x0000000080000000, 0x0000000084400000, 0x00000000d5580000)
  object space 69632K, 99% used [0x0000000080000000,0x00000000843acc70,0x0000000084400000)
 Metaspace       used 60648K, committed 61952K, reserved 1114112K
  class space    used 6554K, committed 7168K, reserved 1048576K
}
Event: 80.122 GC heap before
{Heap before GC invocations=61 (full 3):
 PSYoungGen      total 18944K, used 18593K [0x00000000d5580000, 0x00000000d6a80000, 0x0000000100000000)
  eden space 17920K, 100% used [0x00000000d5580000,0x00000000d6700000,0x00000000d6700000)
  from space 1024K, 65% used [0x00000000d6880000,0x00000000d6928690,0x00000000d6980000)
  to   space 1024K, 0% used [0x00000000d6980000,0x00000000d6980000,0x00000000d6a80000)
 ParOldGen       total 69632K, used 69299K [0x0000000080000000, 0x0000000084400000, 0x00000000d5580000)
  object space 69632K, 99% used [0x0000000080000000,0x00000000843acc70,0x0000000084400000)
 Metaspace       used 60648K, committed 61952K, reserved 1114112K
  class space    used 6554K, committed 7168K, reserved 1048576K
}
Event: 80.124 GC heap after
{Heap after GC invocations=61 (full 3):
 PSYoungGen      total 18432K, used 465K [0x00000000d5580000, 0x00000000d6a00000, 0x0000000100000000)
  eden space 17920K, 0% used [0x00000000d5580000,0x00000000d5580000,0x00000000d6700000)
  from space 512K, 90% used [0x00000000d6980000,0x00000000d69f4770,0x00000000d6a00000)
  to   space 1024K, 0% used [0x00000000d6800000,0x00000000d6800000,0x00000000d6900000)
 ParOldGen       total 70144K, used 69871K [0x0000000080000000, 0x0000000084480000, 0x00000000d5580000)
  object space 70144K, 99% used [0x0000000080000000,0x000000008443bd20,0x0000000084480000)
 Metaspace       used 60648K, committed 61952K, reserved 1114112K
  class space    used 6554K, committed 7168K, reserved 1048576K
}
Event: 80.699 GC heap before
{Heap before GC invocations=62 (full 3):
 PSYoungGen      total 18432K, used 18385K [0x00000000d5580000, 0x00000000d6a00000, 0x0000000100000000)
  eden space 17920K, 99% used [0x00000000d5580000,0x00000000d66ffff0,0x00000000d6700000)
  from space 512K, 90% used [0x00000000d6980000,0x00000000d69f4770,0x00000000d6a00000)
  to   space 1024K, 0% used [0x00000000d6800000,0x00000000d6800000,0x00000000d6900000)
 ParOldGen       total 70144K, used 69871K [0x0000000080000000, 0x0000000084480000, 0x00000000d5580000)
  object space 70144K, 99% used [0x0000000080000000,0x000000008443bd20,0x0000000084480000)
 Metaspace       used 60654K, committed 61952K, reserved 1114112K
  class space    used 6554K, committed 7168K, reserved 1048576K
}
Event: 80.701 GC heap after
{Heap after GC invocations=62 (full 3):
 PSYoungGen      total 18944K, used 384K [0x00000000d5580000, 0x00000000d6a00000, 0x0000000100000000)
  eden space 17920K, 0% used [0x00000000d5580000,0x00000000d5580000,0x00000000d6700000)
  from space 1024K, 37% used [0x00000000d6800000,0x00000000d6860000,0x00000000d6900000)
  to   space 512K, 0% used [0x00000000d6980000,0x00000000d6980000,0x00000000d6a00000)
 ParOldGen       total 70144K, used 70092K [0x0000000080000000, 0x0000000084480000, 0x00000000d5580000)
  object space 70144K, 99% used [0x0000000080000000,0x0000000084473280,0x0000000084480000)
 Metaspace       used 60654K, committed 61952K, reserved 1114112K
  class space    used 6554K, committed 7168K, reserved 1048576K
}
Event: 81.160 GC heap before
{Heap before GC invocations=63 (full 3):
 PSYoungGen      total 18944K, used 18304K [0x00000000d5580000, 0x00000000d6a00000, 0x0000000100000000)
  eden space 17920K, 100% used [0x00000000d5580000,0x00000000d6700000,0x00000000d6700000)
  from space 1024K, 37% used [0x00000000d6800000,0x00000000d6860000,0x00000000d6900000)
  to   space 512K, 0% used [0x00000000d6980000,0x00000000d6980000,0x00000000d6a00000)
 ParOldGen       total 70144K, used 70092K [0x0000000080000000, 0x0000000084480000, 0x00000000d5580000)
  object space 70144K, 99% used [0x0000000080000000,0x0000000084473280,0x0000000084480000)
 Metaspace       used 60654K, committed 61952K, reserved 1114112K
  class space    used 6554K, committed 7168K, reserved 1048576K
}
Event: 81.162 GC heap after
{Heap after GC invocations=63 (full 3):
 PSYoungGen      total 18432K, used 500K [0x00000000d5580000, 0x00000000d6a00000, 0x0000000100000000)
  eden space 17920K, 0% used [0x00000000d5580000,0x00000000d5580000,0x00000000d6700000)
  from space 512K, 97% used [0x00000000d6980000,0x00000000d69fd180,0x00000000d6a00000)
  to   space 1024K, 0% used [0x00000000d6800000,0x00000000d6800000,0x00000000d6900000)
 ParOldGen       total 70656K, used 70313K [0x0000000080000000, 0x0000000084500000, 0x00000000d5580000)
  object space 70656K, 99% used [0x0000000080000000,0x00000000844aa6d0,0x0000000084500000)
 Metaspace       used 60654K, committed 61952K, reserved 1114112K
  class space    used 6554K, committed 7168K, reserved 1048576K
}
Event: 82.063 GC heap before
{Heap before GC invocations=64 (full 3):
 PSYoungGen      total 18432K, used 18420K [0x00000000d5580000, 0x00000000d6a00000, 0x0000000100000000)
  eden space 17920K, 99% used [0x00000000d5580000,0x00000000d66ffff0,0x00000000d6700000)
  from space 512K, 97% used [0x00000000d6980000,0x00000000d69fd180,0x00000000d6a00000)
  to   space 1024K, 0% used [0x00000000d6800000,0x00000000d6800000,0x00000000d6900000)
 ParOldGen       total 70656K, used 70313K [0x0000000080000000, 0x0000000084500000, 0x00000000d5580000)
  object space 70656K, 99% used [0x0000000080000000,0x00000000844aa6d0,0x0000000084500000)
 Metaspace       used 61785K, committed 63104K, reserved 1114112K
  class space    used 6647K, committed 7232K, reserved 1048576K
}
Event: 83.075 GC heap after
{Heap after GC invocations=64 (full 3):
 PSYoungGen      total 18944K, used 1012K [0x00000000d5580000, 0x00000000d6b00000, 0x0000000100000000)
  eden space 17920K, 0% used [0x00000000d5580000,0x00000000d5580000,0x00000000d6700000)
  from space 1024K, 98% used [0x00000000d6800000,0x00000000d68fd2e0,0x00000000d6900000)
  to   space 2048K, 0% used [0x00000000d6900000,0x00000000d6900000,0x00000000d6b00000)
 ParOldGen       total 71168K, used 70766K [0x0000000080000000, 0x0000000084580000, 0x00000000d5580000)
  object space 71168K, 99% used [0x0000000080000000,0x000000008451b928,0x0000000084580000)
 Metaspace       used 61785K, committed 63104K, reserved 1114112K
  class space    used 6647K, committed 7232K, reserved 1048576K
}

